<?xml version="1.0" encoding="UTF-8"?>
<!-- Generated by org.testng.reporters.JUnitXMLReporter -->
<testsuite hostname="MAHENDRAN-S340" ignored="0" name="Default test" tests="2" failures="0" timestamp="2022-10-27T10:29:17 SGT" time="21.19" errors="0">
  <testcase name="logInToNewTours" time="5.251" classname="com.project.selenium.LoginScenarionWithListner"/>
  <testcase name="loginToOrangeLiveHrm" time="9.233" classname="com.project.selenium.LoginScenarionWithListner"/>
</testsuite> <!-- Default test -->
