<?xml version="1.0" encoding="UTF-8"?>
<!-- Generated by org.testng.reporters.JUnitXMLReporter -->
<testsuite hostname="MAHENDRAN-S340" ignored="0" name="Test" tests="6" failures="0" timestamp="2022-10-19T13:38:48 SGT" time="38.669" errors="0">
  <testcase name="launchBrowserWithAmazon" time="5.931" classname="com.project.selenium.ParellelExecution"/>
  <testcase name="launchBrowserWithTamilgun" time="16.961" classname="com.project.selenium.ParellelExecution2"/>
  <testcase name="launchBrowserWithYoutube" time="3.863" classname="com.project.selenium.ParellelExecution2"/>
  <testcase name="launchBrowserWithFlipkart" time="24.579" classname="com.project.selenium.ParellelExecution"/>
  <testcase name="launchBrowserWithGoogle" time="2.257" classname="com.project.selenium.ParellelExecution"/>
  <testcase name="launchBrowserWityNewTours" time="5.855" classname="com.project.selenium.ParellelExecution"/>
</testsuite> <!-- Test -->
