<?xml version="1.0" encoding="UTF-8"?>
<testng-results skipped="0" failed="0" ignored="0" total="2" passed="2">
  <reporter-output>
    <line>
      <![CDATA[Test Case Started logInToNewTours]]>
    </line>
    <line>
      <![CDATA[Test Case Passed logInToNewTours]]>
    </line>
    <line>
      <![CDATA[Test Case Started loginToOrangeLiveHrm]]>
    </line>
    <line>
      <![CDATA[Test Case Passed loginToOrangeLiveHrm]]>
    </line>
  </reporter-output>
  <suite name="Default suite" duration-ms="21190" started-at="2022-10-27T10:28:56 SGT" finished-at="2022-10-27T10:29:17 SGT">
    <groups>
    </groups>
    <test name="Default test" duration-ms="21190" started-at="2022-10-27T10:28:56 SGT" finished-at="2022-10-27T10:29:17 SGT">
      <class name="com.project.selenium.LoginScenarionWithListner">
        <test-method status="PASS" signature="launchBrowaer()[pri:0, instance:com.project.selenium.LoginScenarionWithListner@59906517]" name="launchBrowaer" is-config="true" duration-ms="3721" started-at="2022-10-27T10:28:56 SGT" finished-at="2022-10-27T10:29:00 SGT">
          <reporter-output>
          </reporter-output>
        </test-method> <!-- launchBrowaer -->
        <test-method status="PASS" signature="logInToNewTours()[pri:0, instance:com.project.selenium.LoginScenarionWithListner@59906517]" name="logInToNewTours" duration-ms="5251" started-at="2022-10-27T10:29:00 SGT" finished-at="2022-10-27T10:29:05 SGT">
          <reporter-output>
            <line>
              <![CDATA[Test Case Started logInToNewTours]]>
            </line>
            <line>
              <![CDATA[Test Case Passed logInToNewTours]]>
            </line>
          </reporter-output>
        </test-method> <!-- logInToNewTours -->
        <test-method status="PASS" signature="tearDown()[pri:0, instance:com.project.selenium.LoginScenarionWithListner@59906517]" name="tearDown" is-config="true" duration-ms="703" started-at="2022-10-27T10:29:05 SGT" finished-at="2022-10-27T10:29:06 SGT">
          <reporter-output>
          </reporter-output>
        </test-method> <!-- tearDown -->
        <test-method status="PASS" signature="launchBrowaer()[pri:0, instance:com.project.selenium.LoginScenarionWithListner@59906517]" name="launchBrowaer" is-config="true" duration-ms="1571" started-at="2022-10-27T10:29:06 SGT" finished-at="2022-10-27T10:29:07 SGT">
          <reporter-output>
          </reporter-output>
        </test-method> <!-- launchBrowaer -->
        <test-method status="PASS" signature="loginToOrangeLiveHrm()[pri:0, instance:com.project.selenium.LoginScenarionWithListner@59906517]" name="loginToOrangeLiveHrm" duration-ms="9233" started-at="2022-10-27T10:29:07 SGT" finished-at="2022-10-27T10:29:17 SGT">
          <reporter-output>
            <line>
              <![CDATA[Test Case Started loginToOrangeLiveHrm]]>
            </line>
            <line>
              <![CDATA[Test Case Passed loginToOrangeLiveHrm]]>
            </line>
          </reporter-output>
        </test-method> <!-- loginToOrangeLiveHrm -->
        <test-method status="PASS" signature="tearDown()[pri:0, instance:com.project.selenium.LoginScenarionWithListner@59906517]" name="tearDown" is-config="true" duration-ms="657" started-at="2022-10-27T10:29:17 SGT" finished-at="2022-10-27T10:29:17 SGT">
          <reporter-output>
          </reporter-output>
        </test-method> <!-- tearDown -->
      </class> <!-- com.project.selenium.LoginScenarionWithListner -->
    </test> <!-- Default test -->
  </suite> <!-- Default suite -->
</testng-results>
